# JRE version: Java(TM) SE Runtime Environment (15.0.1+9) (build 15.0.1+9-18)
# Java VM: Java HotSpot(TM) 64-Bit Server VM (15.0.1+9-18, mixed mode, sharing, tiered, compressed oops, g1 gc, windows-amd64)
GC Precious Log:
 CPUs: 8 total, 8 available
 Memory: 8108M
 Large Page Support: Disabled
 NUMA Support: Disabled
 Compressed Oops: Enabled (Zero based)
 Heap Region Size: 8M
 Heap Min Capacity: 8M
 Heap Initial Capacity: 128M
 Heap Max Capacity: 14G
 Pre-touch: Disabled
 Parallel Workers: 8
 Concurrent Workers: 2
 Concurrent Refinement Workers: 8
 Periodic GC: Disabled
Heap:
 garbage-first heap   total 131072K, used 53467K [0x0000000480000000, 0x0000000800000000)
  region size 8192K, 8 young (65536K), 1 survivors (8192K)
 Metaspace       used 6457K, capacity 6653K, committed 6912K, reserved 1056768K
  class space    used 657K, capacity 720K, committed 768K, reserved 1048576K
GC Heap History (6 events):
Event: 2.175 GC heap before
{Heap before GC invocations=0 (full 0):
 garbage-first heap   total 131072K, used 16384K [0x0000000480000000, 0x0000000800000000)
  region size 8192K, 2 young (16384K), 0 survivors (0K)
 Metaspace       used 6234K, capacity 6459K, committed 6656K, reserved 1056768K
  class space    used 654K, capacity 720K, committed 768K, reserved 1048576K
}
Event: 2.181 GC heap after
{Heap after GC invocations=1 (full 0):
 garbage-first heap   total 131072K, used 3938K [0x0000000480000000, 0x0000000800000000)
  region size 8192K, 1 young (8192K), 1 survivors (8192K)
 Metaspace       used 6234K, capacity 6459K, committed 6656K, reserved 1056768K
  class space    used 654K, capacity 720K, committed 768K, reserved 1048576K
}
Event: 2.261 GC heap before
{Heap before GC invocations=1 (full 0):
 garbage-first heap   total 131072K, used 12130K [0x0000000480000000, 0x0000000800000000)
  region size 8192K, 2 young (16384K), 1 survivors (8192K)
 Metaspace       used 6350K, capacity 6524K, committed 6656K, reserved 1056768K
  class space    used 654K, capacity 720K, committed 768K, reserved 1048576K
}
Event: 2.265 GC heap after
{Heap after GC invocations=2 (full 0):
 garbage-first heap   total 131072K, used 4266K [0x0000000480000000, 0x0000000800000000)
  region size 8192K, 1 young (8192K), 1 survivors (8192K)
 Metaspace       used 6350K, capacity 6524K, committed 6656K, reserved 1056768K
  class space    used 654K, capacity 720K, committed 768K, reserved 1048576K
}
Event: 2.456 GC heap before
{Heap before GC invocations=2 (full 0):
 garbage-first heap   total 131072K, used 45226K [0x0000000480000000, 0x0000000800000000)
  region size 8192K, 6 young (49152K), 1 survivors (8192K)
 Metaspace       used 6427K, capacity 6588K, committed 6656K, reserved 1056768K
  class space    used 655K, capacity 720K, committed 768K, reserved 1048576K
}
Event: 2.461 GC heap after
{Heap after GC invocations=3 (full 0):
 garbage-first heap   total 131072K, used 4315K [0x0000000480000000, 0x0000000800000000)
  region size 8192K, 1 young (8192K), 1 survivors (8192K)
 Metaspace       used 6427K, capacity 6588K, committed 6656K, reserved 1056768K
  class space    used 655K, capacity 720K, committed 768K, reserved 1048576K
}

