# JRE version: OpenJDK Runtime Environment (14.0.2+12) (build 14.0.2+12-Ubuntu-120.04)
# Java VM: OpenJDK 64-Bit Server VM (14.0.2+12-Ubuntu-120.04, mixed mode, sharing, tiered, compressed oops, g1 gc, linux-amd64)
Heap:
 garbage-first heap   total 391168K, used 214188K [0x0000000080000000, 0x0000000100000000)
  region size 1024K, 118 young (120832K), 23 survivors (23552K)
 Metaspace       used 6601K, capacity 6882K, committed 7040K, reserved 1056768K
  class space    used 692K, capacity 801K, committed 896K, reserved 1048576K
GC Heap History (20 events):
Event: 18.984 GC heap before
{Heap before GC invocations=55 (full 0):
 garbage-first heap   total 368640K, used 310578K [0x0000000080000000, 0x0000000100000000)
  region size 1024K, 129 young (132096K), 11 survivors (11264K)
 Metaspace       used 6590K, capacity 6873K, committed 7040K, reserved 1056768K
  class space    used 691K, capacity 799K, committed 896K, reserved 1048576K
}
Event: 18.997 GC heap after
{Heap after GC invocations=56 (full 0):
 garbage-first heap   total 368640K, used 204593K [0x0000000080000000, 0x0000000100000000)
  region size 1024K, 17 young (17408K), 17 survivors (17408K)
 Metaspace       used 6590K, capacity 6873K, committed 7040K, reserved 1056768K
  class space    used 691K, capacity 799K, committed 896K, reserved 1048576K
}
Event: 19.382 GC heap before
{Heap before GC invocations=57 (full 0):
 garbage-first heap   total 391168K, used 303921K [0x0000000080000000, 0x0000000100000000)
  region size 1024K, 114 young (116736K), 17 survivors (17408K)
 Metaspace       used 6600K, capacity 6882K, committed 7040K, reserved 1056768K
  class space    used 692K, capacity 801K, committed 896K, reserved 1048576K
}
Event: 19.389 GC heap after
{Heap after GC invocations=58 (full 0):
 garbage-first heap   total 391168K, used 211657K [0x0000000080000000, 0x0000000100000000)
  region size 1024K, 7 young (7168K), 7 survivors (7168K)
 Metaspace       used 6600K, capacity 6882K, committed 7040K, reserved 1056768K
  class space    used 692K, capacity 801K, committed 896K, reserved 1048576K
}
Event: 19.441 GC heap before
{Heap before GC invocations=58 (full 0):
 garbage-first heap   total 391168K, used 223945K [0x0000000080000000, 0x0000000100000000)
  region size 1024K, 19 young (19456K), 7 survivors (7168K)
 Metaspace       used 6600K, capacity 6882K, committed 7040K, reserved 1056768K
  class space    used 692K, capacity 801K, committed 896K, reserved 1048576K
}
Event: 19.450 GC heap after
{Heap after GC invocations=59 (full 0):
 garbage-first heap   total 391168K, used 194351K [0x0000000080000000, 0x0000000100000000)
  region size 1024K, 2 young (2048K), 2 survivors (2048K)
 Metaspace       used 6600K, capacity 6882K, committed 7040K, reserved 1056768K
  class space    used 692K, capacity 801K, committed 896K, reserved 1048576K
}
Event: 19.911 GC heap before
{Heap before GC invocations=59 (full 0):
 garbage-first heap   total 391168K, used 323375K [0x0000000080000000, 0x0000000100000000)
  region size 1024K, 128 young (131072K), 2 survivors (2048K)
 Metaspace       used 6600K, capacity 6882K, committed 7040K, reserved 1056768K
  class space    used 692K, capacity 801K, committed 896K, reserved 1048576K
}
Event: 19.916 GC heap after
{Heap after GC invocations=60 (full 0):
 garbage-first heap   total 391168K, used 200171K [0x0000000080000000, 0x0000000100000000)
  region size 1024K, 8 young (8192K), 8 survivors (8192K)
 Metaspace       used 6600K, capacity 6882K, committed 7040K, reserved 1056768K
  class space    used 692K, capacity 801K, committed 896K, reserved 1048576K
}
Event: 20.394 GC heap before
{Heap before GC invocations=61 (full 0):
 garbage-first heap   total 391168K, used 325099K [0x0000000080000000, 0x0000000100000000)
  region size 1024K, 131 young (134144K), 8 survivors (8192K)
 Metaspace       used 6600K, capacity 6882K, committed 7040K, reserved 1056768K
  class space    used 692K, capacity 801K, committed 896K, reserved 1048576K
}
Event: 20.400 GC heap after
{Heap after GC invocations=62 (full 0):
 garbage-first heap   total 391168K, used 205228K [0x0000000080000000, 0x0000000100000000)
  region size 1024K, 13 young (13312K), 13 survivors (13312K)
 Metaspace       used 6600K, capacity 6882K, committed 7040K, reserved 1056768K
  class space    used 692K, capacity 801K, committed 896K, reserved 1048576K
}
Event: 20.430 GC heap before
{Heap before GC invocations=62 (full 0):
 garbage-first heap   total 391168K, used 210348K [0x0000000080000000, 0x0000000100000000)
  region size 1024K, 19 young (19456K), 13 survivors (13312K)
 Metaspace       used 6600K, capacity 6882K, committed 7040K, reserved 1056768K
  class space    used 692K, capacity 801K, committed 896K, reserved 1048576K
}
Event: 20.436 GC heap after
{Heap after GC invocations=63 (full 0):
 garbage-first heap   total 391168K, used 173052K [0x0000000080000000, 0x0000000100000000)
  region size 1024K, 2 young (2048K), 2 survivors (2048K)
 Metaspace       used 6600K, capacity 6882K, committed 7040K, reserved 1056768K
  class space    used 692K, capacity 801K, committed 896K, reserved 1048576K
}
Event: 20.540 GC heap before
{Heap before GC invocations=63 (full 0):
 garbage-first heap   total 391168K, used 190460K [0x0000000080000000, 0x0000000100000000)
  region size 1024K, 19 young (19456K), 2 survivors (2048K)
 Metaspace       used 6600K, capacity 6882K, committed 7040K, reserved 1056768K
  class space    used 692K, capacity 801K, committed 896K, reserved 1048576K
}
Event: 20.548 GC heap after
{Heap after GC invocations=64 (full 0):
 garbage-first heap   total 391168K, used 144487K [0x0000000080000000, 0x0000000100000000)
  region size 1024K, 2 young (2048K), 2 survivors (2048K)
 Metaspace       used 6600K, capacity 6882K, committed 7040K, reserved 1056768K
  class space    used 692K, capacity 801K, committed 896K, reserved 1048576K
}
Event: 20.626 GC heap before
{Heap before GC invocations=64 (full 0):
 garbage-first heap   total 391168K, used 161895K [0x0000000080000000, 0x0000000100000000)
  region size 1024K, 19 young (19456K), 2 survivors (2048K)
 Metaspace       used 6600K, capacity 6882K, committed 7040K, reserved 1056768K
  class space    used 692K, capacity 801K, committed 896K, reserved 1048576K
}
Event: 20.633 GC heap after
{Heap after GC invocations=65 (full 0):
 garbage-first heap   total 391168K, used 118639K [0x0000000080000000, 0x0000000100000000)
  region size 1024K, 3 young (3072K), 3 survivors (3072K)
 Metaspace       used 6600K, capacity 6882K, committed 7040K, reserved 1056768K
  class space    used 692K, capacity 801K, committed 896K, reserved 1048576K
}
Event: 20.703 GC heap before
{Heap before GC invocations=65 (full 0):
 garbage-first heap   total 391168K, used 135023K [0x0000000080000000, 0x0000000100000000)
  region size 1024K, 19 young (19456K), 3 survivors (3072K)
 Metaspace       used 6600K, capacity 6882K, committed 7040K, reserved 1056768K
  class space    used 692K, capacity 801K, committed 896K, reserved 1048576K
}
Event: 20.710 GC heap after
{Heap after GC invocations=66 (full 0):
 garbage-first heap   total 391168K, used 96968K [0x0000000080000000, 0x0000000100000000)
  region size 1024K, 2 young (2048K), 2 survivors (2048K)
 Metaspace       used 6600K, capacity 6882K, committed 7040K, reserved 1056768K
  class space    used 692K, capacity 801K, committed 896K, reserved 1048576K
}
Event: 21.619 GC heap before
{Heap before GC invocations=66 (full 0):
 garbage-first heap   total 391168K, used 317128K [0x0000000080000000, 0x0000000100000000)
  region size 1024K, 217 young (222208K), 2 survivors (2048K)
 Metaspace       used 6601K, capacity 6882K, committed 7040K, reserved 1056768K
  class space    used 692K, capacity 801K, committed 896K, reserved 1048576K
}
Event: 21.629 GC heap after
{Heap after GC invocations=67 (full 0):
 garbage-first heap   total 391168K, used 117932K [0x0000000080000000, 0x0000000100000000)
  region size 1024K, 23 young (23552K), 23 survivors (23552K)
 Metaspace       used 6601K, capacity 6882K, committed 7040K, reserved 1056768K
  class space    used 692K, capacity 801K, committed 896K, reserved 1048576K
}

